<?xml version="1.0" encoding="UTF-8"?>
<testng-results skipped="0" failed="0" ignored="0" total="1" passed="1">
  <reporter-output>
  </reporter-output>
  <suite name="Suite" duration-ms="31" started-at="2020-04-23T16:01:52Z" finished-at="2020-04-23T16:01:52Z">
    <groups>
    </groups>
    <test name="Test" duration-ms="31" started-at="2020-04-23T16:01:52Z" finished-at="2020-04-23T16:01:52Z">
      <class name="DPckg.Dclass">
        <test-method status="PASS" signature="testM()[pri:0, instance:DPckg.Dclass@2a5ca609]" name="testM" duration-ms="12" started-at="2020-04-23T21:31:52Z" finished-at="2020-04-23T21:31:52Z">
          <reporter-output>
          </reporter-output>
        </test-method> <!-- testM -->
      </class> <!-- DPckg.Dclass -->
    </test> <!-- Test -->
  </suite> <!-- Suite -->
</testng-results>
